<?xml version="1.0" encoding="UTF-8"?>
<!-- Generated by org.testng.reporters.JUnitReportReporter -->
<testsuite skipped="0" hostname="Sachin" name="sample1.Facebook" tests="1" failures="0" timestamp="2023-08-26T17:17:45 IST" time="5.109" errors="0">
  <testcase name="facebookTest" time="5.109" classname="sample1.Facebook"/>
  <system-out>
Opening FaceBook  </system-out>
</testsuite> <!-- sample1.Facebook -->
