<?xml version="1.0" encoding="UTF-8"?>
<!-- Generated by org.testng.reporters.JUnitReportReporter -->
<testsuite skipped="0" hostname="Sachin" name="sample1.Amazon" tests="1" failures="0" timestamp="2023-08-26T17:17:45 IST" time="14.251" errors="0">
  <testcase name="amazonTest" time="14.251" classname="sample1.Amazon"/>
  <system-out>
Opening Amazaon  </system-out>
</testsuite> <!-- sample1.Amazon -->
