<?xml version="1.0" encoding="UTF-8"?>
<!-- Generated by org.testng.reporters.JUnitReportReporter -->
<testsuite skipped="0" hostname="Sachin" name="sample1.FlipKart" tests="1" failures="0" timestamp="2023-08-26T17:17:45 IST" time="16.815" errors="0">
  <testcase name="flipKartTest" time="16.815" classname="sample1.FlipKart"/>
  <system-out>
Opening flipKart  </system-out>
</testsuite> <!-- sample1.FlipKart -->
